Dimension: 0
[0.0, 0.004898979485566364)
[0.0, 0.004898979485566364)
[0.0, 0.009797958971132729)
[0.0, 0.009797958971132729)
[0.0, 0.014696938456699093)
[0.0, 0.014696938456699093)
[0.0, 0.02449489742783182)
[0.0, 0.02449489742783182)
[0.0, 0.02449489742783182)
[0.0, 0.02449489742783182)
[0.0, 0.04898979485566364)
[0.0, 0.04898979485566364)
[0.0, 0.0685857127979291)
[0.0, infinity)
[0.0, infinity)
[0.0, infinity)
[0.0, infinity)
[0.0, infinity)
Dimension: 1
[0.0, 0.014696938456699093)
[0.009797958971132729, 0.03429285639896455)
[0.039191835884530915, 0.04409081537009728)
[0.02449489742783182, 0.07348469228349547)
[0.03429285639896455, 0.07838367176906183)
[0.029393876913398186, 0.08328265125462819)
[0.03429285639896455, 0.08328265125462819)
[0.009797958971132729, 0.09308061022576092)
[0.04898979485566364, infinity)
[0.09308061022576092, infinity)
