Dimension: 0
[0.0, infinity)
Dimension: 1
[0.0, 0.009260032656128897)
[0.0, 0.009260032656128897)
[0.0, 0.009260032656128897)
[0.0, 0.009260032656128897)
[0.0, 0.009260032656128897)
[0.0, 0.018520065312257795)
[0.0, 0.018520065312257795)
[0.0, 0.018520065312257795)
[0.0, 0.018520065312257795)
[0.0, 0.018520065312257795)
[0.0, 0.018520065312257795)
[0.0, 0.027780097968386694)
[0.0, 0.027780097968386694)
[0.0, 0.027780097968386694)
[0.0, 0.027780097968386694)
[0.0, 0.027780097968386694)
[0.0, 0.03704013062451559)
[0.0, 0.03704013062451559)
[0.0, 0.03704013062451559)
[0.0, 0.03704013062451559)
[0.0, 0.046300163280644485)
[0.0, 0.046300163280644485)
[0.0, 0.046300163280644485)
[0.0, 0.05556019593677339)
[0.0, 0.05556019593677339)
[0.0, 0.05556019593677339)
[0.0, 0.05556019593677339)
[0.0, 0.05556019593677339)
[0.0, 0.05556019593677339)
[0.0, 0.06482022859290228)
[0.0, 0.06482022859290228)
[0.0, 0.06482022859290228)
[0.0, 0.06482022859290228)
[0.0, 0.06482022859290228)
[0.0, 0.06482022859290228)
[0.0, 0.07408026124903118)
[0.0, 0.07408026124903118)
[0.0, 0.07408026124903118)
[0.0, 0.07408026124903118)
[0.0, 0.07408026124903118)
[0.0, 0.08334029390516008)
[0.0, 0.08334029390516008)
[0.0, 0.08334029390516008)
[0.0, 0.08334029390516008)
[0.0, 0.08334029390516008)
[0.0, 0.09260032656128897)
[0.0, 0.10186035921741787)
[0.0, 0.10186035921741787)
[0.0, 0.10186035921741787)
[0.0, 0.10186035921741787)
[0.0, 0.11112039187354678)
[0.0, 0.12038042452967566)
[0.0, infinity)
[0.0, infinity)
Dimension: 2
[0.16668058781032016, infinity)
